[debug] [2023-02-14T11:36:36.227Z] ----------------------------------------------------------------------
[debug] [2023-02-14T11:36:36.230Z] Command:       C:\Program Files\nodejs\node.exe C:\Users\A\AppData\Roaming\npm\node_modules\firebase-tools\lib\bin\firebase.js init
[debug] [2023-02-14T11:36:36.231Z] CLI Version:   11.23.0
[debug] [2023-02-14T11:36:36.231Z] Platform:      win32
[debug] [2023-02-14T11:36:36.232Z] Node Version:  v18.12.1
[debug] [2023-02-14T11:36:36.233Z] Time:          Tue Feb 14 2023 14:36:36 GMT+0300 (East Africa Time)
[debug] [2023-02-14T11:36:36.234Z] ----------------------------------------------------------------------
[debug] 
[debug] [2023-02-14T11:36:36.247Z] > command requires scopes: ["email","openid","https://www.googleapis.com/auth/cloudplatformprojects.readonly","https://www.googleapis.com/auth/firebase","https://www.googleapis.com/auth/cloud-platform"]
[debug] [2023-02-14T11:36:36.248Z] > authorizing via signed-in user (destaw333@gmail.com)
[info] 
     ######## #### ########  ######## ########     ###     ######  ########
     ##        ##  ##     ## ##       ##     ##  ##   ##  ##       ##
     ######    ##  ########  ######   ########  #########  ######  ######
     ##        ##  ##    ##  ##       ##     ## ##     ##       ## ##
     ##       #### ##     ## ######## ########  ##     ##  ######  ########

You're about to initialize a Firebase project in this directory:

  C:\Users\A\Desktop\Evangadi\Projects\Netflix Clonee\Netflix-Project

[info] 
=== Project Setup
[info] 
[info] First, let's associate this project directory with a Firebase project.
[info] You can create multiple project aliases by running firebase use --add, 
[info] but for now we'll just set up a default project.
[info] 
[debug] [2023-02-14T11:36:42.909Z] >>> [apiv2][query] GET https://firebase.googleapis.com/v1beta1/projects pageSize=100
[debug] [2023-02-14T11:37:03.565Z] Failed to make request to https://firebase.googleapis.com/v1beta1/projects?pageSize=100
[debug] [2023-02-14T11:37:05.744Z] FirebaseError: Failed to make request to https://firebase.googleapis.com/v1beta1/projects?pageSize=100
    at RetryOperation._fn (C:\Users\A\AppData\Roaming\npm\node_modules\firebase-tools\lib\apiv2.js:242:31)
    at process.processTicksAndRejections (node:internal/process/task_queues:95:5)
[error] 
[error] Error: Failed to list Firebase projects. See firebase-debug.log for more info.
